######################BEGIN######################
Scaling export by a value of 3.42 to fit MD3 space
Exporting UV texture coordinates for right.001
Exporting right.001
Exporting UV texture coordinates for left.001
Exporting left.001
Exporting UV texture coordinates for obj6
Exporting obj6
Exporting UV texture coordinates for obj5
Exporting obj5
Exporting UV texture coordinates for obj4
Exporting obj4
Exporting UV texture coordinates for obj3
Exporting obj3
Exporting UV texture coordinates for obj2.003
Exporting obj2.003
Exporting UV texture coordinates for obj1.002
Exporting obj1.002
Exporting UV texture coordinates for 5
Exporting 5
Exporting UV texture coordinates for 4
Exporting 4
Exporting UV texture coordinates for 3
Exporting 3
Exporting UV texture coordinates for 2
Exporting 2
Exporting UV texture coordinates for 1
Exporting 1
Exporting UV texture coordinates for 0
Exporting 0
Exporting UV texture coordinates for cover.002
Exporting cover.002
Exporting UV texture coordinates for cover.001
Exporting cover.001
Exporting UV texture coordinates for boots.002
Exporting boots.002
Exporting UV texture coordinates for boots.001
Exporting boots.001
Exporting UV texture coordinates for cover
Exporting cover
Exporting UV texture coordinates for boots
Exporting boots
Exporting UV texture coordinates for left
Exporting left
Exporting UV texture coordinates for right
Exporting right
Exporting UV texture coordinates for obj2.002
Exporting obj2.002
Exporting UV texture coordinates for tail
Exporting tail
Exporting UV texture coordinates for metal.001
Exporting metal.001
Exporting UV texture coordinates for collar.008
Exporting collar.008
Exporting UV texture coordinates for collar.007
Exporting collar.007
Exporting UV texture coordinates for collar.005
Exporting collar.005
Exporting UV texture coordinates for collar.004
Exporting collar.004
Exporting UV texture coordinates for collar.003
Exporting collar.003
Exporting UV texture coordinates for collar.002
Exporting collar.002
Exporting UV texture coordinates for guard
Exporting guard
Exporting UV texture coordinates for obj2.001
Exporting obj2.001
Exporting UV texture coordinates for obj1.001
Exporting obj1.001
Exporting UV texture coordinates for knee_socks.001
Exporting knee_socks.001
Exporting UV texture coordinates for knee_socks
Exporting knee_socks
Exporting UV texture coordinates for knee_belt
Exporting knee_belt
Exporting UV texture coordinates for W_FACE_EYE
Exporting W_FACE_EYE
Exporting UV texture coordinates for W_EYE_HighiLight
Exporting W_EYE_HighiLight
Exporting UV texture coordinates for Hair_Skin
Exporting Hair_Skin
Exporting UV texture coordinates for pasted__Kami_Hous.001
Exporting pasted__Kami_Hous.001
Exporting UV texture coordinates for pasted__Kami_R_H3
Exporting pasted__Kami_R_H3
Exporting UV texture coordinates for pasted__Kami_R_H2
Exporting pasted__Kami_R_H2
Exporting UV texture coordinates for pasted__Kami_Housen_R
Exporting pasted__Kami_Housen_R
Exporting UV texture coordinates for pasted__Kami_R_H1
Exporting pasted__Kami_R_H1
Exporting UV texture coordinates for pasted__Kami_R_Ribbon
Exporting pasted__Kami_R_Ribbon
Exporting UV texture coordinates for obj8
Exporting obj8
Exporting UV texture coordinates for obj7
Exporting obj7
Exporting UV texture coordinates for obj2
Exporting obj2
Exporting UV texture coordinates for obj1
Exporting obj1
Exporting UV texture coordinates for Front_L_13
Exporting Front_L_13
Exporting UV texture coordinates for Front_L_12
Exporting Front_L_12
Exporting UV texture coordinates for EYE_HALL
Exporting EYE_HALL
Exporting UV texture coordinates for W_BODY_Soto
Exporting W_BODY_Soto
Exporting UV texture coordinates for HiLightParts_8
Exporting HiLightParts_8
Exporting UV texture coordinates for HiLightParts_7
Exporting HiLightParts_7
Exporting UV texture coordinates for HiLightParts_6
Exporting HiLightParts_6
Exporting UV texture coordinates for RipHiLight
Exporting RipHiLight
Exporting UV texture coordinates for HiLightParts_1
Exporting HiLightParts_1
Exporting UV texture coordinates for HiLightParts_10
Exporting HiLightParts_10
Exporting UV texture coordinates for HiLightParts_Face
Exporting HiLightParts_Face
Exporting UV texture coordinates for HiLightParts_9
Exporting HiLightParts_9
Exporting UV texture coordinates for HiLightParts_3
Exporting HiLightParts_3
Exporting UV texture coordinates for HiLightParts_2
Exporting HiLightParts_2
Exporting UV texture coordinates for W_Titu
Exporting W_Titu
Exporting UV texture coordinates for W_FACEv3
Exporting W_FACEv3
Exporting UV texture coordinates for W_FACE_Eyeline
Exporting W_FACE_Eyeline
Exporting UV texture coordinates for Face_Ha_Up
Exporting Face_Ha_Up
Exporting UV texture coordinates for Face_Mouth
Exporting Face_Mouth
Exporting UV texture coordinates for Face_Ha_Down
Exporting Face_Ha_Down
Exporting UV texture coordinates for Face_Sita
Exporting Face_Sita
Exporting UV texture coordinates for W_Face_Mayuge
Exporting W_Face_Mayuge
Exporting UV texture coordinates for Face_Kubimoto
Exporting Face_Kubimoto
Exporting UV texture coordinates for Sikyu_Line
Exporting Sikyu_Line
Exporting UV texture coordinates for Sikyu_Soto
Exporting Sikyu_Soto
Exporting UV texture coordinates for Sikyu_Naka
Exporting Sikyu_Naka
Exporting UV texture coordinates for W_BODY_Nurin_M01
Exporting W_BODY_Nurin_M01
Header Information
Ident: IDP3
Version: 15
Name: 
Flags: 0
Number of Frames: 47
Number of Tags: 0
Number of Surfaces: 77
Number of Skins: 0
Offset Frames: 108
Offset Tags: 202772
Offset Surfaces: 202772
Offset end: 13184892
!Warning: Surface limit (77/32) reached for md3!
Total Shaders: 77
Total Triangles: 49386
Total Vertices: 32229
MD3 saved to E:\All Project\Charater-list\Character Done\Dizzy\Blender files\dizzynew3dcg
Elapsed 636.60199 seconds
Scaled export by a value of 3.42 to fit MD3 space
